Build started 1/9/2017 12:43:37 PM.
     1>Project "C:\Users\Lallen\Documents\Robo Rally\Robo Rally\Robo Rally.vcxproj" on node 2 (Build target(s)).
     1>ClCompile:
         C:\Program Files (x86)\Microsoft Visual Studio 12.0\VC\bin\CL.exe /c /I"C:\Users\Lallen\Desktop\Lib's\SFML-2.4.1\include" /ZI /nologo /W3 /WX- /sdl /Od /Oy- /D _MBCS /Gm /EHsc /RTC1 /MDd /GS /fp:precise /Zc:wchar_t /Zc:forScope /Fo"Debug\\" /Fd"Debug\vc120.pdb" /Gd /TP /analyze- /errorReport:prompt MapEditor.cpp
         MapEditor.cpp
       Link:
         C:\Program Files (x86)\Microsoft Visual Studio 12.0\VC\bin\link.exe /ERRORREPORT:PROMPT /OUT:"C:\Users\Lallen\Documents\Robo Rally\Debug\Robo Rally.exe" /INCREMENTAL /NOLOGO /LIBPATH:"C:\Users\Lallen\Desktop\Lib's\SFML-2.4.1\lib" "sfml-graphics-d.lib" "sfml-window-d.lib" "sfml-system-d.lib" "sfml-network-d.lib" "sfml-audio-d.lib" kernel32.lib user32.lib gdi32.lib winspool.lib comdlg32.lib advapi32.lib shell32.lib ole32.lib oleaut32.lib uuid.lib odbc32.lib odbccp32.lib /MANIFEST /MANIFESTUAC:"level='asInvoker' uiAccess='false'" /manifest:embed /DEBUG /PDB:"C:\Users\Lallen\Documents\Robo Rally\Debug\Robo Rally.pdb" /TLBID:1 /DYNAMICBASE /NXCOMPAT /IMPLIB:"C:\Users\Lallen\Documents\Robo Rally\Debug\Robo Rally.lib" /MACHINE:X86 Debug\AbstractGame.obj
         Debug\Battlefield.obj
         Debug\Camera.obj
         Debug\Entity.obj
         Debug\EntityFactory.obj
         Debug\EntityHandler.obj
         Debug\EntitySelector.obj
         Debug\GameState.obj
         Debug\GamestateFactory.obj
         Debug\GenericFunctions.obj
         Debug\GraphicFunctions.obj
         Debug\Hud.obj
         Debug\main.obj
         Debug\MainMeny.obj
         Debug\Map.obj
         Debug\MapEditor.obj
         Debug\MapEditorRescorces.obj
         Debug\MapGenerator.obj
         Debug\MenyRescourses.obj
         Debug\RoboRally.obj
         Debug\Robot.obj
         Debug\Twitch_Robot.obj
         Debug\variablesAndConstants.obj
         Robo Rally.vcxproj -> C:\Users\Lallen\Documents\Robo Rally\Debug\Robo Rally.exe
     1>Done Building Project "C:\Users\Lallen\Documents\Robo Rally\Robo Rally\Robo Rally.vcxproj" (Build target(s)).

Build succeeded.

Time Elapsed 00:00:02.21
